build/app/intermediates/manifest_merge_blame_file/release/manifest-merger-blame-release-report.txt
1<?xml version="1.0" encoding="utf-8"?>
2<manifest xmlns:android="http://schemas.android.com/apk/res/android"
3    package="com.quran.iqra"
4    android:versionCode="8"
5    android:versionName="1.0" >
6
7    <uses-sdk
8        android:minSdkVersion="21"
8-->src\main\AndroidManifest.xml
9        android:targetSdkVersion="34" />
9-->src\main\AndroidManifest.xml
10
11    <uses-permission android:name="android.permission.VIBRATE" />
11-->src\main\AndroidManifest.xml:4:5-65
11-->src\main\AndroidManifest.xml:4:22-63
12    <uses-permission android:name="android.permission.ACCESS_FINE_LOCATION" />
12-->src\main\AndroidManifest.xml:5:5-79
12-->src\main\AndroidManifest.xml:5:22-76
13    <uses-permission android:name="android.permission.ACCESS_COARSE_LOCATION" />
13-->src\main\AndroidManifest.xml:6:5-81
13-->src\main\AndroidManifest.xml:6:22-78
14    <uses-permission android:name="android.permission.INTERNET" />
14-->src\main\AndroidManifest.xml:7:5-67
14-->src\main\AndroidManifest.xml:7:22-64
15    <uses-permission android:name="android.permission.RECEIVE_BOOT_COMPLETED" />
15-->src\main\AndroidManifest.xml:8:5-80
15-->src\main\AndroidManifest.xml:8:22-78
16    <uses-permission android:name="android.permission.USE_EXACT_ALARM" />
16-->src\main\AndroidManifest.xml:9:5-74
16-->src\main\AndroidManifest.xml:9:22-71
17    <uses-permission android:name="android.permission.SCHEDULE_EXACT_ALARM" />
17-->src\main\AndroidManifest.xml:10:5-79
17-->src\main\AndroidManifest.xml:10:22-76
18    <uses-permission android:name="android.permission.POST_NOTIFICATIONS" />
18-->src\main\AndroidManifest.xml:11:5-76
18-->src\main\AndroidManifest.xml:11:22-74
19
20    <queries>
20-->src\main\AndroidManifest.xml:45:5-50:15
21        <intent>
21-->src\main\AndroidManifest.xml:46:9-49:18
22            <action android:name="android.intent.action.PROCESS_TEXT" />
22-->src\main\AndroidManifest.xml:47:13-72
22-->src\main\AndroidManifest.xml:47:21-70
23
24            <data android:mimeType="text/plain" />
24-->src\main\AndroidManifest.xml:48:13-50
24-->src\main\AndroidManifest.xml:48:19-48
25        </intent>
26        <intent>
26-->[:flutter_inappwebview_android] AndroidManifest.xml:10:9-12:18
27            <action android:name="android.support.customtabs.action.CustomTabsService" />
27-->[:flutter_inappwebview_android] AndroidManifest.xml:11:13-90
27-->[:flutter_inappwebview_android] AndroidManifest.xml:11:21-87
28        </intent>
29    </queries>
30    <!-- Although the *SdkVersion is captured in gradle build files, this is required for non gradle builds -->
31    <!-- <uses-sdk android:minSdkVersion="21"/> -->
32    <uses-permission android:name="android.permission.ACCESS_NETWORK_STATE" />
32-->[com.google.firebase:firebase-storage:21.0.0] AndroidManifest.xml:23:5-79
32-->[com.google.firebase:firebase-storage:21.0.0] AndroidManifest.xml:23:22-76
33    <uses-permission android:name="android.permission.WAKE_LOCK" />
33-->[com.google.android.gms:play-services-measurement-api:22.1.0] AndroidManifest.xml:24:5-68
33-->[com.google.android.gms:play-services-measurement-api:22.1.0] AndroidManifest.xml:24:22-65
34    <uses-permission android:name="com.google.android.gms.permission.AD_ID" />
34-->[com.google.android.gms:play-services-measurement-api:22.1.0] AndroidManifest.xml:25:5-79
34-->[com.google.android.gms:play-services-measurement-api:22.1.0] AndroidManifest.xml:25:22-76
35    <uses-permission android:name="android.permission.ACCESS_ADSERVICES_ATTRIBUTION" />
35-->[com.google.android.gms:play-services-measurement-api:22.1.0] AndroidManifest.xml:26:5-88
35-->[com.google.android.gms:play-services-measurement-api:22.1.0] AndroidManifest.xml:26:22-85
36    <uses-permission android:name="android.permission.ACCESS_ADSERVICES_AD_ID" />
36-->[com.google.android.gms:play-services-measurement-api:22.1.0] AndroidManifest.xml:27:5-82
36-->[com.google.android.gms:play-services-measurement-api:22.1.0] AndroidManifest.xml:27:22-79
37    <uses-permission android:name="com.google.android.finsky.permission.BIND_GET_INSTALL_REFERRER_SERVICE" />
37-->[com.google.android.gms:play-services-measurement:22.1.0] AndroidManifest.xml:26:5-110
37-->[com.google.android.gms:play-services-measurement:22.1.0] AndroidManifest.xml:26:22-107
38
39    <permission
39-->[androidx.core:core:1.13.1] AndroidManifest.xml:22:5-24:47
40        android:name="com.quran.iqra.DYNAMIC_RECEIVER_NOT_EXPORTED_PERMISSION"
40-->[androidx.core:core:1.13.1] AndroidManifest.xml:23:9-81
41        android:protectionLevel="signature" />
41-->[androidx.core:core:1.13.1] AndroidManifest.xml:24:9-44
42
43    <uses-permission android:name="com.quran.iqra.DYNAMIC_RECEIVER_NOT_EXPORTED_PERMISSION" />
43-->[androidx.core:core:1.13.1] AndroidManifest.xml:26:5-97
43-->[androidx.core:core:1.13.1] AndroidManifest.xml:26:22-94
44
45    <application
45-->src\main\AndroidManifest.xml:13:5-44:19
46        android:appComponentFactory="androidx.core.app.CoreComponentFactory"
46-->[androidx.core:core:1.13.1] AndroidManifest.xml:28:18-86
47        android:icon="@mipmap/app_icon"
47-->src\main\AndroidManifest.xml:15:9-40
48        android:label="Iqra" >
48-->src\main\AndroidManifest.xml:14:9-29
49        <receiver
49-->src\main\AndroidManifest.xml:16:9-131
50            android:name="com.dexterous.flutterlocalnotifications.ScheduledNotificationReceiver"
50-->src\main\AndroidManifest.xml:16:44-128
51            android:exported="false" />
51-->src\main\AndroidManifest.xml:16:19-43
52        <receiver
52-->src\main\AndroidManifest.xml:17:9-24:20
53            android:name="com.dexterous.flutterlocalnotifications.ScheduledNotificationBootReceiver"
53-->src\main\AndroidManifest.xml:17:44-132
54            android:exported="false" >
54-->src\main\AndroidManifest.xml:17:19-43
55            <intent-filter>
55-->src\main\AndroidManifest.xml:18:13-23:29
56                <action android:name="android.intent.action.BOOT_COMPLETED" />
56-->src\main\AndroidManifest.xml:19:17-78
56-->src\main\AndroidManifest.xml:19:25-76
57                <action android:name="android.intent.action.MY_PACKAGE_REPLACED" />
57-->src\main\AndroidManifest.xml:20:17-83
57-->src\main\AndroidManifest.xml:20:25-81
58                <action android:name="android.intent.action.QUICKBOOT_POWERON" />
58-->src\main\AndroidManifest.xml:21:17-82
58-->src\main\AndroidManifest.xml:21:25-79
59                <action android:name="com.htc.intent.action.QUICKBOOT_POWERON" />
59-->src\main\AndroidManifest.xml:22:17-81
59-->src\main\AndroidManifest.xml:22:25-79
60            </intent-filter>
61        </receiver>
62
63        <activity
63-->src\main\AndroidManifest.xml:25:9-40:20
64            android:name="com.quran.iqra.MainActivity"
64-->src\main\AndroidManifest.xml:26:13-41
65            android:configChanges="orientation|keyboardHidden|keyboard|screenSize|smallestScreenSize|locale|layoutDirection|fontScale|screenLayout|density|uiMode"
65-->src\main\AndroidManifest.xml:30:13-163
66            android:exported="true"
66-->src\main\AndroidManifest.xml:27:13-36
67            android:hardwareAccelerated="true"
67-->src\main\AndroidManifest.xml:31:13-47
68            android:launchMode="singleTop"
68-->src\main\AndroidManifest.xml:28:13-43
69            android:theme="@style/LaunchTheme"
69-->src\main\AndroidManifest.xml:29:13-47
70            android:windowSoftInputMode="adjustResize" >
70-->src\main\AndroidManifest.xml:32:13-55
71            <meta-data
71-->src\main\AndroidManifest.xml:33:13-35:56
72                android:name="io.flutter.embedding.android.NormalTheme"
72-->src\main\AndroidManifest.xml:34:17-72
73                android:resource="@style/NormalTheme" />
73-->src\main\AndroidManifest.xml:35:17-54
74
75            <intent-filter>
75-->src\main\AndroidManifest.xml:36:13-39:29
76                <action android:name="android.intent.action.MAIN" />
76-->src\main\AndroidManifest.xml:37:17-68
76-->src\main\AndroidManifest.xml:37:25-66
77
78                <category android:name="android.intent.category.LAUNCHER" />
78-->src\main\AndroidManifest.xml:38:17-76
78-->src\main\AndroidManifest.xml:38:27-74
79            </intent-filter>
80        </activity>
81
82        <meta-data
82-->src\main\AndroidManifest.xml:41:9-43:33
83            android:name="flutterEmbedding"
83-->src\main\AndroidManifest.xml:42:13-44
84            android:value="2" />
84-->src\main\AndroidManifest.xml:43:13-30
85
86        <service
86-->[:firebase_storage] AndroidManifest.xml:10:9-14:19
87            android:name="com.google.firebase.components.ComponentDiscoveryService"
87-->[:firebase_storage] AndroidManifest.xml:10:18-89
88            android:directBootAware="true"
88-->[com.google.firebase:firebase-common:21.0.0] AndroidManifest.xml:32:13-43
89            android:exported="false" >
89-->[com.google.firebase:firebase-storage:21.0.0] AndroidManifest.xml:29:13-37
90            <meta-data
90-->[:firebase_storage] AndroidManifest.xml:11:13-13:85
91                android:name="com.google.firebase.components:io.flutter.plugins.firebase.storage.FlutterFirebaseAppRegistrar"
91-->[:firebase_storage] AndroidManifest.xml:12:17-126
92                android:value="com.google.firebase.components.ComponentRegistrar" />
92-->[:firebase_storage] AndroidManifest.xml:13:17-82
93            <meta-data
93-->[:firebase_core] AndroidManifest.xml:11:13-13:85
94                android:name="com.google.firebase.components:io.flutter.plugins.firebase.core.FlutterFirebaseCoreRegistrar"
94-->[:firebase_core] AndroidManifest.xml:12:17-124
95                android:value="com.google.firebase.components.ComponentRegistrar" />
95-->[:firebase_core] AndroidManifest.xml:13:17-82
96            <meta-data
96-->[com.google.firebase:firebase-storage:21.0.0] AndroidManifest.xml:30:13-32:85
97                android:name="com.google.firebase.components:com.google.firebase.storage.FirebaseStorageKtxRegistrar"
97-->[com.google.firebase:firebase-storage:21.0.0] AndroidManifest.xml:31:17-118
98                android:value="com.google.firebase.components.ComponentRegistrar" />
98-->[com.google.firebase:firebase-storage:21.0.0] AndroidManifest.xml:32:17-82
99            <meta-data
99-->[com.google.firebase:firebase-storage:21.0.0] AndroidManifest.xml:33:13-35:85
100                android:name="com.google.firebase.components:com.google.firebase.storage.StorageRegistrar"
100-->[com.google.firebase:firebase-storage:21.0.0] AndroidManifest.xml:34:17-107
101                android:value="com.google.firebase.components.ComponentRegistrar" />
101-->[com.google.firebase:firebase-storage:21.0.0] AndroidManifest.xml:35:17-82
102            <meta-data
102-->[com.google.android.gms:play-services-measurement-api:22.1.0] AndroidManifest.xml:37:13-39:85
103                android:name="com.google.firebase.components:com.google.firebase.analytics.connector.internal.AnalyticsConnectorRegistrar"
103-->[com.google.android.gms:play-services-measurement-api:22.1.0] AndroidManifest.xml:38:17-139
104                android:value="com.google.firebase.components.ComponentRegistrar" />
104-->[com.google.android.gms:play-services-measurement-api:22.1.0] AndroidManifest.xml:39:17-82
105            <meta-data
105-->[com.google.firebase:firebase-appcheck:18.0.0] AndroidManifest.xml:25:13-27:85
106                android:name="com.google.firebase.components:com.google.firebase.appcheck.FirebaseAppCheckKtxRegistrar"
106-->[com.google.firebase:firebase-appcheck:18.0.0] AndroidManifest.xml:26:17-120
107                android:value="com.google.firebase.components.ComponentRegistrar" />
107-->[com.google.firebase:firebase-appcheck:18.0.0] AndroidManifest.xml:27:17-82
108            <meta-data
108-->[com.google.firebase:firebase-appcheck:18.0.0] AndroidManifest.xml:28:13-30:85
109                android:name="com.google.firebase.components:com.google.firebase.appcheck.FirebaseAppCheckRegistrar"
109-->[com.google.firebase:firebase-appcheck:18.0.0] AndroidManifest.xml:29:17-117
110                android:value="com.google.firebase.components.ComponentRegistrar" />
110-->[com.google.firebase:firebase-appcheck:18.0.0] AndroidManifest.xml:30:17-82
111            <meta-data
111-->[com.google.firebase:firebase-installations:18.0.0] AndroidManifest.xml:15:13-17:85
112                android:name="com.google.firebase.components:com.google.firebase.installations.FirebaseInstallationsKtxRegistrar"
112-->[com.google.firebase:firebase-installations:18.0.0] AndroidManifest.xml:16:17-130
113                android:value="com.google.firebase.components.ComponentRegistrar" />
113-->[com.google.firebase:firebase-installations:18.0.0] AndroidManifest.xml:17:17-82
114            <meta-data
114-->[com.google.firebase:firebase-installations:18.0.0] AndroidManifest.xml:18:13-20:85
115                android:name="com.google.firebase.components:com.google.firebase.installations.FirebaseInstallationsRegistrar"
115-->[com.google.firebase:firebase-installations:18.0.0] AndroidManifest.xml:19:17-127
116                android:value="com.google.firebase.components.ComponentRegistrar" />
116-->[com.google.firebase:firebase-installations:18.0.0] AndroidManifest.xml:20:17-82
117            <meta-data
117-->[com.google.firebase:firebase-common-ktx:21.0.0] AndroidManifest.xml:12:13-14:85
118                android:name="com.google.firebase.components:com.google.firebase.ktx.FirebaseCommonLegacyRegistrar"
118-->[com.google.firebase:firebase-common-ktx:21.0.0] AndroidManifest.xml:13:17-116
119                android:value="com.google.firebase.components.ComponentRegistrar" />
119-->[com.google.firebase:firebase-common-ktx:21.0.0] AndroidManifest.xml:14:17-82
120            <meta-data
120-->[com.google.firebase:firebase-appcheck-playintegrity:18.0.0] AndroidManifest.xml:25:13-27:85
121                android:name="com.google.firebase.components:com.google.firebase.appcheck.playintegrity.FirebaseAppCheckPlayIntegrityRegistrar"
121-->[com.google.firebase:firebase-appcheck-playintegrity:18.0.0] AndroidManifest.xml:26:17-144
122                android:value="com.google.firebase.components.ComponentRegistrar" />
122-->[com.google.firebase:firebase-appcheck-playintegrity:18.0.0] AndroidManifest.xml:27:17-82
123            <meta-data
123-->[com.google.firebase:firebase-common:21.0.0] AndroidManifest.xml:35:13-37:85
124                android:name="com.google.firebase.components:com.google.firebase.FirebaseCommonKtxRegistrar"
124-->[com.google.firebase:firebase-common:21.0.0] AndroidManifest.xml:36:17-109
125                android:value="com.google.firebase.components.ComponentRegistrar" />
125-->[com.google.firebase:firebase-common:21.0.0] AndroidManifest.xml:37:17-82
126        </service>
127
128        <activity
128-->[:flutter_inappwebview_android] AndroidManifest.xml:16:9-20:47
129            android:name="com.pichillilorenzo.flutter_inappwebview_android.in_app_browser.InAppBrowserActivity"
129-->[:flutter_inappwebview_android] AndroidManifest.xml:17:13-112
130            android:configChanges="orientation|keyboardHidden|keyboard|screenSize|locale|layoutDirection|fontScale|screenLayout|density"
130-->[:flutter_inappwebview_android] AndroidManifest.xml:18:13-137
131            android:exported="false"
131-->[:flutter_inappwebview_android] AndroidManifest.xml:19:13-37
132            android:theme="@style/AppTheme" />
132-->[:flutter_inappwebview_android] AndroidManifest.xml:20:13-44
133        <activity
133-->[:flutter_inappwebview_android] AndroidManifest.xml:21:9-24:55
134            android:name="com.pichillilorenzo.flutter_inappwebview_android.chrome_custom_tabs.ChromeCustomTabsActivity"
134-->[:flutter_inappwebview_android] AndroidManifest.xml:22:13-120
135            android:exported="false"
135-->[:flutter_inappwebview_android] AndroidManifest.xml:23:13-37
136            android:theme="@style/ThemeTransparent" />
136-->[:flutter_inappwebview_android] AndroidManifest.xml:24:13-52
137        <activity
137-->[:flutter_inappwebview_android] AndroidManifest.xml:25:9-28:55
138            android:name="com.pichillilorenzo.flutter_inappwebview_android.chrome_custom_tabs.TrustedWebActivity"
138-->[:flutter_inappwebview_android] AndroidManifest.xml:26:13-114
139            android:exported="false"
139-->[:flutter_inappwebview_android] AndroidManifest.xml:27:13-37
140            android:theme="@style/ThemeTransparent" />
140-->[:flutter_inappwebview_android] AndroidManifest.xml:28:13-52
141        <activity
141-->[:flutter_inappwebview_android] AndroidManifest.xml:29:9-33:55
142            android:name="com.pichillilorenzo.flutter_inappwebview_android.chrome_custom_tabs.ChromeCustomTabsActivitySingleInstance"
142-->[:flutter_inappwebview_android] AndroidManifest.xml:30:13-134
143            android:exported="false"
143-->[:flutter_inappwebview_android] AndroidManifest.xml:31:13-37
144            android:launchMode="singleInstance"
144-->[:flutter_inappwebview_android] AndroidManifest.xml:32:13-48
145            android:theme="@style/ThemeTransparent" />
145-->[:flutter_inappwebview_android] AndroidManifest.xml:33:13-52
146        <activity
146-->[:flutter_inappwebview_android] AndroidManifest.xml:34:9-38:55
147            android:name="com.pichillilorenzo.flutter_inappwebview_android.chrome_custom_tabs.TrustedWebActivitySingleInstance"
147-->[:flutter_inappwebview_android] AndroidManifest.xml:35:13-128
148            android:exported="false"
148-->[:flutter_inappwebview_android] AndroidManifest.xml:36:13-37
149            android:launchMode="singleInstance"
149-->[:flutter_inappwebview_android] AndroidManifest.xml:37:13-48
150            android:theme="@style/ThemeTransparent" />
150-->[:flutter_inappwebview_android] AndroidManifest.xml:38:13-52
151
152        <receiver
152-->[:flutter_inappwebview_android] AndroidManifest.xml:40:9-43:40
153            android:name="com.pichillilorenzo.flutter_inappwebview_android.chrome_custom_tabs.ActionBroadcastReceiver"
153-->[:flutter_inappwebview_android] AndroidManifest.xml:41:13-119
154            android:enabled="true"
154-->[:flutter_inappwebview_android] AndroidManifest.xml:42:13-35
155            android:exported="false" />
155-->[:flutter_inappwebview_android] AndroidManifest.xml:43:13-37
156
157        <meta-data
157-->[:flutter_inappwebview_android] AndroidManifest.xml:45:9-47:36
158            android:name="io.flutter.embedded_views_preview"
158-->[:flutter_inappwebview_android] AndroidManifest.xml:46:13-61
159            android:value="true" />
159-->[:flutter_inappwebview_android] AndroidManifest.xml:47:13-33
160
161        <service
161-->[:geolocator_android] AndroidManifest.xml:10:9-14:56
162            android:name="com.baseflow.geolocator.GeolocatorLocationService"
162-->[:geolocator_android] AndroidManifest.xml:11:13-77
163            android:enabled="true"
163-->[:geolocator_android] AndroidManifest.xml:12:13-35
164            android:exported="false"
164-->[:geolocator_android] AndroidManifest.xml:13:13-37
165            android:foregroundServiceType="location" />
165-->[:geolocator_android] AndroidManifest.xml:14:13-53
166        <!--
167           Declares a provider which allows us to store files to share in
168           '.../caches/share_plus' and grant the receiving action access
169        -->
170        <provider
170-->[:share_plus] AndroidManifest.xml:15:9-23:20
171            android:name="dev.fluttercommunity.plus.share.ShareFileProvider"
171-->[:share_plus] AndroidManifest.xml:16:13-77
172            android:authorities="com.quran.iqra.flutter.share_provider"
172-->[:share_plus] AndroidManifest.xml:17:13-74
173            android:exported="false"
173-->[:share_plus] AndroidManifest.xml:18:13-37
174            android:grantUriPermissions="true" >
174-->[:share_plus] AndroidManifest.xml:19:13-47
175            <meta-data
175-->[:share_plus] AndroidManifest.xml:20:13-22:68
176                android:name="android.support.FILE_PROVIDER_PATHS"
176-->[:share_plus] AndroidManifest.xml:21:17-67
177                android:resource="@xml/flutter_share_file_paths" />
177-->[:share_plus] AndroidManifest.xml:22:17-65
178        </provider>
179        <!--
180           This manifest declared broadcast receiver allows us to use an explicit
181           Intent when creating a PendingItent to be informed of the user's choice
182        -->
183        <receiver
183-->[:share_plus] AndroidManifest.xml:28:9-34:20
184            android:name="dev.fluttercommunity.plus.share.SharePlusPendingIntent"
184-->[:share_plus] AndroidManifest.xml:29:13-82
185            android:exported="false" >
185-->[:share_plus] AndroidManifest.xml:30:13-37
186            <intent-filter>
186-->[:share_plus] AndroidManifest.xml:31:13-33:29
187                <action android:name="EXTRA_CHOSEN_COMPONENT" />
187-->[:share_plus] AndroidManifest.xml:32:17-65
187-->[:share_plus] AndroidManifest.xml:32:25-62
188            </intent-filter>
189        </receiver>
190
191        <activity
191-->[:url_launcher_android] AndroidManifest.xml:10:9-13:74
192            android:name="io.flutter.plugins.urllauncher.WebViewActivity"
192-->[:url_launcher_android] AndroidManifest.xml:11:13-74
193            android:exported="false"
193-->[:url_launcher_android] AndroidManifest.xml:12:13-37
194            android:theme="@android:style/Theme.NoTitleBar.Fullscreen" />
194-->[:url_launcher_android] AndroidManifest.xml:13:13-71
195
196        <property
196-->[com.google.android.gms:play-services-measurement-api:22.1.0] AndroidManifest.xml:30:9-32:61
197            android:name="android.adservices.AD_SERVICES_CONFIG"
197-->[com.google.android.gms:play-services-measurement-api:22.1.0] AndroidManifest.xml:31:13-65
198            android:resource="@xml/ga_ad_services_config" />
198-->[com.google.android.gms:play-services-measurement-api:22.1.0] AndroidManifest.xml:32:13-58
199
200        <activity
200-->[com.google.android.gms:play-services-base:18.3.0] AndroidManifest.xml:20:9-22:45
201            android:name="com.google.android.gms.common.api.GoogleApiActivity"
201-->[com.google.android.gms:play-services-base:18.3.0] AndroidManifest.xml:20:19-85
202            android:exported="false"
202-->[com.google.android.gms:play-services-base:18.3.0] AndroidManifest.xml:22:19-43
203            android:theme="@android:style/Theme.Translucent.NoTitleBar" />
203-->[com.google.android.gms:play-services-base:18.3.0] AndroidManifest.xml:21:19-78
204
205        <provider
205-->[com.google.firebase:firebase-common:21.0.0] AndroidManifest.xml:23:9-28:39
206            android:name="com.google.firebase.provider.FirebaseInitProvider"
206-->[com.google.firebase:firebase-common:21.0.0] AndroidManifest.xml:24:13-77
207            android:authorities="com.quran.iqra.firebaseinitprovider"
207-->[com.google.firebase:firebase-common:21.0.0] AndroidManifest.xml:25:13-72
208            android:directBootAware="true"
208-->[com.google.firebase:firebase-common:21.0.0] AndroidManifest.xml:26:13-43
209            android:exported="false"
209-->[com.google.firebase:firebase-common:21.0.0] AndroidManifest.xml:27:13-37
210            android:initOrder="100" />
210-->[com.google.firebase:firebase-common:21.0.0] AndroidManifest.xml:28:13-36
211
212        <receiver
212-->[com.google.android.gms:play-services-measurement:22.1.0] AndroidManifest.xml:29:9-33:20
213            android:name="com.google.android.gms.measurement.AppMeasurementReceiver"
213-->[com.google.android.gms:play-services-measurement:22.1.0] AndroidManifest.xml:30:13-85
214            android:enabled="true"
214-->[com.google.android.gms:play-services-measurement:22.1.0] AndroidManifest.xml:31:13-35
215            android:exported="false" >
215-->[com.google.android.gms:play-services-measurement:22.1.0] AndroidManifest.xml:32:13-37
216        </receiver>
217
218        <service
218-->[com.google.android.gms:play-services-measurement:22.1.0] AndroidManifest.xml:35:9-38:40
219            android:name="com.google.android.gms.measurement.AppMeasurementService"
219-->[com.google.android.gms:play-services-measurement:22.1.0] AndroidManifest.xml:36:13-84
220            android:enabled="true"
220-->[com.google.android.gms:play-services-measurement:22.1.0] AndroidManifest.xml:37:13-35
221            android:exported="false" />
221-->[com.google.android.gms:play-services-measurement:22.1.0] AndroidManifest.xml:38:13-37
222        <service
222-->[com.google.android.gms:play-services-measurement:22.1.0] AndroidManifest.xml:39:9-43:72
223            android:name="com.google.android.gms.measurement.AppMeasurementJobService"
223-->[com.google.android.gms:play-services-measurement:22.1.0] AndroidManifest.xml:40:13-87
224            android:enabled="true"
224-->[com.google.android.gms:play-services-measurement:22.1.0] AndroidManifest.xml:41:13-35
225            android:exported="false"
225-->[com.google.android.gms:play-services-measurement:22.1.0] AndroidManifest.xml:42:13-37
226            android:permission="android.permission.BIND_JOB_SERVICE" />
226-->[com.google.android.gms:play-services-measurement:22.1.0] AndroidManifest.xml:43:13-69
227
228        <uses-library
228-->[androidx.window:window:1.2.0] AndroidManifest.xml:23:9-25:40
229            android:name="androidx.window.extensions"
229-->[androidx.window:window:1.2.0] AndroidManifest.xml:24:13-54
230            android:required="false" />
230-->[androidx.window:window:1.2.0] AndroidManifest.xml:25:13-37
231        <uses-library
231-->[androidx.window:window:1.2.0] AndroidManifest.xml:26:9-28:40
232            android:name="androidx.window.sidecar"
232-->[androidx.window:window:1.2.0] AndroidManifest.xml:27:13-51
233            android:required="false" />
233-->[androidx.window:window:1.2.0] AndroidManifest.xml:28:13-37
234        <uses-library
234-->[androidx.privacysandbox.ads:ads-adservices:1.0.0-beta05] AndroidManifest.xml:23:9-25:40
235            android:name="android.ext.adservices"
235-->[androidx.privacysandbox.ads:ads-adservices:1.0.0-beta05] AndroidManifest.xml:24:13-50
236            android:required="false" />
236-->[androidx.privacysandbox.ads:ads-adservices:1.0.0-beta05] AndroidManifest.xml:25:13-37
237
238        <meta-data
238-->[com.google.android.gms:play-services-basement:18.4.0] AndroidManifest.xml:6:9-122
239            android:name="com.google.android.gms.version"
239-->[com.google.android.gms:play-services-basement:18.4.0] AndroidManifest.xml:6:20-65
240            android:value="@integer/google_play_services_version" />
240-->[com.google.android.gms:play-services-basement:18.4.0] AndroidManifest.xml:6:66-119
241
242        <provider
242-->[androidx.emoji2:emoji2:1.2.0] AndroidManifest.xml:24:9-32:20
243            android:name="androidx.startup.InitializationProvider"
243-->[androidx.emoji2:emoji2:1.2.0] AndroidManifest.xml:25:13-67
244            android:authorities="com.quran.iqra.androidx-startup"
244-->[androidx.emoji2:emoji2:1.2.0] AndroidManifest.xml:26:13-68
245            android:exported="false" >
245-->[androidx.emoji2:emoji2:1.2.0] AndroidManifest.xml:27:13-37
246            <meta-data
246-->[androidx.emoji2:emoji2:1.2.0] AndroidManifest.xml:29:13-31:52
247                android:name="androidx.emoji2.text.EmojiCompatInitializer"
247-->[androidx.emoji2:emoji2:1.2.0] AndroidManifest.xml:30:17-75
248                android:value="androidx.startup" />
248-->[androidx.emoji2:emoji2:1.2.0] AndroidManifest.xml:31:17-49
249            <meta-data
249-->[androidx.lifecycle:lifecycle-process:2.7.0] AndroidManifest.xml:29:13-31:52
250                android:name="androidx.lifecycle.ProcessLifecycleInitializer"
250-->[androidx.lifecycle:lifecycle-process:2.7.0] AndroidManifest.xml:30:17-78
251                android:value="androidx.startup" />
251-->[androidx.lifecycle:lifecycle-process:2.7.0] AndroidManifest.xml:31:17-49
252            <meta-data
252-->[androidx.profileinstaller:profileinstaller:1.3.1] AndroidManifest.xml:29:13-31:52
253                android:name="androidx.profileinstaller.ProfileInstallerInitializer"
253-->[androidx.profileinstaller:profileinstaller:1.3.1] AndroidManifest.xml:30:17-85
254                android:value="androidx.startup" />
254-->[androidx.profileinstaller:profileinstaller:1.3.1] AndroidManifest.xml:31:17-49
255        </provider>
256
257        <receiver
257-->[androidx.profileinstaller:profileinstaller:1.3.1] AndroidManifest.xml:34:9-52:20
258            android:name="androidx.profileinstaller.ProfileInstallReceiver"
258-->[androidx.profileinstaller:profileinstaller:1.3.1] AndroidManifest.xml:35:13-76
259            android:directBootAware="false"
259-->[androidx.profileinstaller:profileinstaller:1.3.1] AndroidManifest.xml:36:13-44
260            android:enabled="true"
260-->[androidx.profileinstaller:profileinstaller:1.3.1] AndroidManifest.xml:37:13-35
261            android:exported="true"
261-->[androidx.profileinstaller:profileinstaller:1.3.1] AndroidManifest.xml:38:13-36
262            android:permission="android.permission.DUMP" >
262-->[androidx.profileinstaller:profileinstaller:1.3.1] AndroidManifest.xml:39:13-57
263            <intent-filter>
263-->[androidx.profileinstaller:profileinstaller:1.3.1] AndroidManifest.xml:40:13-42:29
264                <action android:name="androidx.profileinstaller.action.INSTALL_PROFILE" />
264-->[androidx.profileinstaller:profileinstaller:1.3.1] AndroidManifest.xml:41:17-91
264-->[androidx.profileinstaller:profileinstaller:1.3.1] AndroidManifest.xml:41:25-88
265            </intent-filter>
266            <intent-filter>
266-->[androidx.profileinstaller:profileinstaller:1.3.1] AndroidManifest.xml:43:13-45:29
267                <action android:name="androidx.profileinstaller.action.SKIP_FILE" />
267-->[androidx.profileinstaller:profileinstaller:1.3.1] AndroidManifest.xml:44:17-85
267-->[androidx.profileinstaller:profileinstaller:1.3.1] AndroidManifest.xml:44:25-82
268            </intent-filter>
269            <intent-filter>
269-->[androidx.profileinstaller:profileinstaller:1.3.1] AndroidManifest.xml:46:13-48:29